Jan 05 2019 15:11:16
{"type":8,"message":"Only variables should be passed by reference","file":"\/var\/www\/public\/wp-content\/themes\/liquid\/option-tree\/ot-loader.php","line":329}

Jan 05 2019 15:11:16
{"type":8,"message":"Only variables should be passed by reference","file":"\/var\/www\/public\/wp-content\/themes\/liquid\/option-tree\/ot-loader.php","line":329}

Jan 05 2019 15:11:17
{"type":8,"message":"Only variables should be passed by reference","file":"\/var\/www\/public\/wp-content\/themes\/liquid\/option-tree\/ot-loader.php","line":329}

Jan 05 2019 15:11:18
{"type":8,"message":"Only variables should be passed by reference","file":"\/var\/www\/public\/wp-content\/themes\/liquid\/option-tree\/ot-loader.php","line":329}

Jan 05 2019 15:11:18
{"type":8,"message":"Only variables should be passed by reference","file":"\/var\/www\/public\/wp-content\/themes\/liquid\/option-tree\/ot-loader.php","line":329}

Jan 05 2019 15:11:19
{"type":8,"message":"Only variables should be passed by reference","file":"\/var\/www\/public\/wp-content\/themes\/liquid\/option-tree\/ot-loader.php","line":329}

Jan 05 2019 15:11:19
{"type":8,"message":"Only variables should be passed by reference","file":"\/var\/www\/public\/wp-content\/themes\/liquid\/option-tree\/ot-loader.php","line":329}

Jan 05 2019 15:11:20
{"type":8,"message":"Only variables should be passed by reference","file":"\/var\/www\/public\/wp-content\/themes\/liquid\/option-tree\/ot-loader.php","line":329}

Jan 05 2019 15:11:21
{"type":8,"message":"Only variables should be passed by reference","file":"\/var\/www\/public\/wp-content\/themes\/liquid\/option-tree\/ot-loader.php","line":329}

Jan 05 2019 15:11:21
{"type":8,"message":"Only variables should be passed by reference","file":"\/var\/www\/public\/wp-content\/themes\/liquid\/option-tree\/ot-loader.php","line":329}

Jan 05 2019 15:11:22
{"type":8,"message":"Only variables should be passed by reference","file":"\/var\/www\/public\/wp-content\/themes\/liquid\/option-tree\/ot-loader.php","line":329}

Jan 05 2019 15:11:23
{"type":8,"message":"Only variables should be passed by reference","file":"\/var\/www\/public\/wp-content\/themes\/liquid\/option-tree\/ot-loader.php","line":329}

Jan 05 2019 15:11:23
{"type":8,"message":"Only variables should be passed by reference","file":"\/var\/www\/public\/wp-content\/themes\/liquid\/option-tree\/ot-loader.php","line":329}

Jan 05 2019 15:11:24
{"type":8,"message":"Only variables should be passed by reference","file":"\/var\/www\/public\/wp-content\/themes\/liquid\/option-tree\/ot-loader.php","line":329}

Jan 05 2019 15:11:25
{"type":8,"message":"Only variables should be passed by reference","file":"\/var\/www\/public\/wp-content\/themes\/liquid\/option-tree\/ot-loader.php","line":329}

Jan 05 2019 15:11:25
{"type":8,"message":"Only variables should be passed by reference","file":"\/var\/www\/public\/wp-content\/themes\/liquid\/option-tree\/ot-loader.php","line":329}

Jan 05 2019 15:11:26
{"type":8,"message":"Only variables should be passed by reference","file":"\/var\/www\/public\/wp-content\/themes\/liquid\/option-tree\/ot-loader.php","line":329}

Jan 05 2019 15:11:26
{"type":8,"message":"Only variables should be passed by reference","file":"\/var\/www\/public\/wp-content\/themes\/liquid\/option-tree\/ot-loader.php","line":329}

Jan 05 2019 15:11:27
{"type":8,"message":"Only variables should be passed by reference","file":"\/var\/www\/public\/wp-content\/themes\/liquid\/option-tree\/ot-loader.php","line":329}

Jan 05 2019 15:11:28
{"type":8,"message":"Only variables should be passed by reference","file":"\/var\/www\/public\/wp-content\/themes\/liquid\/option-tree\/ot-loader.php","line":329}

Jan 05 2019 15:11:28
{"type":8,"message":"Only variables should be passed by reference","file":"\/var\/www\/public\/wp-content\/themes\/liquid\/option-tree\/ot-loader.php","line":329}

Jan 05 2019 15:11:29
{"type":8,"message":"Only variables should be passed by reference","file":"\/var\/www\/public\/wp-content\/themes\/liquid\/option-tree\/ot-loader.php","line":329}

Jan 05 2019 15:11:30
{"type":8,"message":"Only variables should be passed by reference","file":"\/var\/www\/public\/wp-content\/themes\/liquid\/option-tree\/ot-loader.php","line":329}

Jan 05 2019 15:11:45
{"type":8,"message":"Only variables should be passed by reference","file":"\/var\/www\/public\/wp-content\/themes\/liquid\/option-tree\/ot-loader.php","line":329}

Jan 05 2019 15:11:46
{"type":8,"message":"Only variables should be passed by reference","file":"\/var\/www\/public\/wp-content\/themes\/liquid\/option-tree\/ot-loader.php","line":329}

Jan 05 2019 15:11:52
{"type":8,"message":"Only variables should be passed by reference","file":"\/var\/www\/public\/wp-content\/themes\/liquid\/option-tree\/ot-loader.php","line":329}

Jan 05 2019 15:11:53
{"type":8,"message":"Only variables should be passed by reference","file":"\/var\/www\/public\/wp-content\/themes\/liquid\/option-tree\/ot-loader.php","line":329}

Jan 05 2019 15:11:54
{"Number":8,"Message":"Undefined index: HTTPS","File":"\/var\/www\/public\/wp-content\/mu-plugins\/wpengine-common\/plugin.php","Line":1052}

Jan 05 2019 15:11:54
{"Number":2,"Message":"Invalid argument supplied for foreach()","File":"\/var\/www\/public\/wp-content\/mu-plugins\/wpengine-common\/plugin.php","Line":1078}

Jan 05 2019 15:11:54
{"type":8,"message":"Use of undefined constant PWP_NAME - assumed 'PWP_NAME'","file":"\/var\/www\/public\/wp-content\/mu-plugins\/wpengine-common\/class.deployment.php","line":17}

Jan 05 2019 15:11:56
{"Number":8,"Message":"Undefined index: HTTPS","File":"\/var\/www\/public\/wp-content\/mu-plugins\/wpengine-common\/plugin.php","Line":1052}

Jan 05 2019 15:11:56
{"Number":2,"Message":"Invalid argument supplied for foreach()","File":"\/var\/www\/public\/wp-content\/mu-plugins\/wpengine-common\/plugin.php","Line":1078}

Jan 05 2019 15:11:56
{"type":8,"message":"Use of undefined constant PWP_NAME - assumed 'PWP_NAME'","file":"\/var\/www\/public\/wp-content\/mu-plugins\/wpengine-common\/class.deployment.php","line":17}

Jan 05 2019 15:11:57
{"type":8,"message":"Use of undefined constant PWP_NAME - assumed 'PWP_NAME'","file":"\/var\/www\/public\/wp-content\/mu-plugins\/wpengine-common\/class.deployment.php","line":17}

